0 info it worked if it ends with ok
1 verbose cli [ 'C:\\Program Files\\nodejs\\node.exe',
1 verbose cli   'C:\\Program Files\\nodejs\\node_modules\\npm\\bin\\npm-cli.js',
1 verbose cli   'run',
1 verbose cli   'server' ]
2 info using npm@3.10.8
3 info using node@v6.9.1
4 verbose run-script [ 'preserver', 'server', 'postserver' ]
5 info lifecycle news-app-front@1.0.0~preserver: news-app-front@1.0.0
6 silly lifecycle news-app-front@1.0.0~preserver: no script for preserver, continuing
7 info lifecycle news-app-front@1.0.0~server: news-app-front@1.0.0
8 verbose lifecycle news-app-front@1.0.0~server: unsafe-perm in lifecycle true
9 verbose lifecycle news-app-front@1.0.0~server: PATH: C:\Program Files\nodejs\node_modules\npm\bin\node-gyp-bin;C:\projects\express-news-app_react\public\node_modules\.bin;C:\WINDOWS\system32;C:\WINDOWS;C:\WINDOWS\System32\Wbem;C:\WINDOWS\System32\WindowsPowerShell\v1.0\;C:\Program Files (x86)\Skype\Phone\;C:\Program Files\nodejs\;C:\Program Files (x86)\Heroku\bin;C:\Program Files\Git\cmd;C:\Program Files (x86)\GitExtensions\;C:\Users\stanislau_ivashkevic\AppData\Local\Microsoft\WindowsApps;C:\Users\stanislau_ivashkevic\AppData\Local\atom\bin;"C:\Program Files\MongoDB\Server\3.4\bin"
10 verbose lifecycle news-app-front@1.0.0~server: CWD: C:\projects\express-news-app_react\public
11 silly lifecycle news-app-front@1.0.0~server: Args: [ '/d /s /c', 'webpack-dev-server' ]
12 silly lifecycle news-app-front@1.0.0~server: Returned: code: 1  signal: null
13 info lifecycle news-app-front@1.0.0~server: Failed to exec server script
14 verbose stack Error: news-app-front@1.0.0 server: `webpack-dev-server`
14 verbose stack Exit status 1
14 verbose stack     at EventEmitter.<anonymous> (C:\Program Files\nodejs\node_modules\npm\lib\utils\lifecycle.js:255:16)
14 verbose stack     at emitTwo (events.js:106:13)
14 verbose stack     at EventEmitter.emit (events.js:191:7)
14 verbose stack     at ChildProcess.<anonymous> (C:\Program Files\nodejs\node_modules\npm\lib\utils\spawn.js:40:14)
14 verbose stack     at emitTwo (events.js:106:13)
14 verbose stack     at ChildProcess.emit (events.js:191:7)
14 verbose stack     at maybeClose (internal/child_process.js:877:16)
14 verbose stack     at Process.ChildProcess._handle.onexit (internal/child_process.js:226:5)
15 verbose pkgid news-app-front@1.0.0
16 verbose cwd C:\projects\express-news-app_react\public
17 error Windows_NT 10.0.14393
18 error argv "C:\\Program Files\\nodejs\\node.exe" "C:\\Program Files\\nodejs\\node_modules\\npm\\bin\\npm-cli.js" "run" "server"
19 error node v6.9.1
20 error npm  v3.10.8
21 error code ELIFECYCLE
22 error news-app-front@1.0.0 server: `webpack-dev-server`
22 error Exit status 1
23 error Failed at the news-app-front@1.0.0 server script 'webpack-dev-server'.
23 error Make sure you have the latest version of node.js and npm installed.
23 error If you do, this is most likely a problem with the news-app-front package,
23 error not with npm itself.
23 error Tell the author that this fails on your system:
23 error     webpack-dev-server
23 error You can get information on how to open an issue for this project with:
23 error     npm bugs news-app-front
23 error Or if that isn't available, you can get their info via:
23 error     npm owner ls news-app-front
23 error There is likely additional logging output above.
24 verbose exit [ 1, true ]
